Loading gmp version 6.2.1
Loading mpfr version 3.1.6
Loading mpc version 1.1.0
Loading zlib-ng version 2.1.6
Loading gcc version 9.4.0
2025-05-12 17:27:41.574979: I tensorflow/core/util/port.cc:153] oneDNN custom operations are on. You may see slightly different numerical results due to floating-point round-off errors from different computation orders. To turn them off, set the environment variable `TF_ENABLE_ONEDNN_OPTS=0`.
2025-05-12 17:27:41.594344: E external/local_xla/xla/stream_executor/cuda/cuda_fft.cc:467] Unable to register cuFFT factory: Attempting to register factory for plugin cuFFT when one has already been registered
WARNING: All log messages before absl::InitializeLog() is called are written to STDERR
E0000 00:00:1747070861.616972  716336 cuda_dnn.cc:8579] Unable to register cuDNN factory: Attempting to register factory for plugin cuDNN when one has already been registered
E0000 00:00:1747070861.623978  716336 cuda_blas.cc:1407] Unable to register cuBLAS factory: Attempting to register factory for plugin cuBLAS when one has already been registered
W0000 00:00:1747070861.643611  716336 computation_placer.cc:177] computation placer already registered. Please check linkage and avoid linking the same target more than once.
W0000 00:00:1747070861.643636  716336 computation_placer.cc:177] computation placer already registered. Please check linkage and avoid linking the same target more than once.
W0000 00:00:1747070861.643640  716336 computation_placer.cc:177] computation placer already registered. Please check linkage and avoid linking the same target more than once.
W0000 00:00:1747070861.643642  716336 computation_placer.cc:177] computation placer already registered. Please check linkage and avoid linking the same target more than once.
2025-05-12 17:27:41.648874: I tensorflow/core/platform/cpu_feature_guard.cc:210] This TensorFlow binary is optimized to use available CPU instructions in performance-critical operations.
To enable the following instructions: AVX2 AVX512F AVX512_VNNI FMA, in other operations, rebuild TensorFlow with the appropriate compiler flags.
Loading checkpoint shards:   0%|          | 0/3 [00:00<?, ?it/s]Loading checkpoint shards:  33%|███▎      | 1/3 [00:01<00:03,  1.88s/it]Loading checkpoint shards:  67%|██████▋   | 2/3 [00:03<00:01,  2.00s/it]Loading checkpoint shards: 100%|██████████| 3/3 [00:05<00:00,  1.67s/it]Loading checkpoint shards: 100%|██████████| 3/3 [00:05<00:00,  1.75s/it]

=== Model Responses ===

Response 1:
It's not silly at all! Losing a pet can be very sad.  It's understandable you are feeling emotional.

Response 2:
Sorry to hear about the loss of your hamster and your best friend. It's understandable that you are feeling sad and crying. It's okay to feel that way. Losing a pet can be a very difficult experience, and it's important to acknowledge your feelings and give yourself time to grieve. It's not silly at all to feel sad about the loss of a beloved pet. They bring so much joy and companionship into our lives, and they become a part of our families.

It might be helpful to talk to someone about how you are feeling. You could talk to a trusted friend, family member, or a counselor or therapist. Talking about your feelings can help you process your grief and feel supported. You could also consider writing down your feelings in a journal or writing a letter to your hamster to express your emotions.

It's also important to take care of yourself during this time. Make sure you are getting enough rest, eating well, and engaging in activities that bring you comfort and joy. It's okay to take some time to focus on yourself and your grief. Remember that it's okay to feel sad, and it's okay to take time to heal.

Remember that it's okay to feel sad, and it's okay to take time to heal.

Response 3:
Sorry to hear that you lost your hamster. It's completely understandable to feel sad and cry. Losing a pet can be a difficult experience, even if it's a small one like a hamster. They become part of our family and can bring so much joy and companionship to our lives.

It's not silly at all to feel attached to a pet, especially one as cute and cuddly as a hamster. They have their own little personalities and quirks, and they can be such a comforting presence. It's okay to feel sad and to take time to grieve.

If you're feeling overwhelmed with grief, it might be helpful to talk to someone about your feelings. You could talk to a trusted friend, family member, or even a counselor or therapist. They can provide a listening ear and offer support and understanding.

It's also okay to remember the good times with your hamster and celebrate the memories you have of him. You could write about him in a journal, make a memory book, or even plant a tree or a flower in his memory. These kinds of activities can help you process your grief and remember your pet with love and fondness.

Remember that it's okay to feel sad, and it's okay to cry. Losing a pet can be a difficult experience, but it's also a reminder of the love and joy they brought to our lives. Take care of yourself and remember to be kind to yourself as you grieve.
