Loading gmp version 6.2.1
Loading mpfr version 3.1.6
Loading mpc version 1.1.0
Loading zlib-ng version 2.1.6
Loading gcc version 9.4.0
2025-05-12 17:29:26.090111: I tensorflow/core/util/port.cc:153] oneDNN custom operations are on. You may see slightly different numerical results due to floating-point round-off errors from different computation orders. To turn them off, set the environment variable `TF_ENABLE_ONEDNN_OPTS=0`.
2025-05-12 17:29:26.111598: E external/local_xla/xla/stream_executor/cuda/cuda_fft.cc:467] Unable to register cuFFT factory: Attempting to register factory for plugin cuFFT when one has already been registered
WARNING: All log messages before absl::InitializeLog() is called are written to STDERR
E0000 00:00:1747070966.136405  716704 cuda_dnn.cc:8579] Unable to register cuDNN factory: Attempting to register factory for plugin cuDNN when one has already been registered
E0000 00:00:1747070966.143735  716704 cuda_blas.cc:1407] Unable to register cuBLAS factory: Attempting to register factory for plugin cuBLAS when one has already been registered
W0000 00:00:1747070966.166802  716704 computation_placer.cc:177] computation placer already registered. Please check linkage and avoid linking the same target more than once.
W0000 00:00:1747070966.166838  716704 computation_placer.cc:177] computation placer already registered. Please check linkage and avoid linking the same target more than once.
W0000 00:00:1747070966.166842  716704 computation_placer.cc:177] computation placer already registered. Please check linkage and avoid linking the same target more than once.
W0000 00:00:1747070966.166845  716704 computation_placer.cc:177] computation placer already registered. Please check linkage and avoid linking the same target more than once.
2025-05-12 17:29:26.172788: I tensorflow/core/platform/cpu_feature_guard.cc:210] This TensorFlow binary is optimized to use available CPU instructions in performance-critical operations.
To enable the following instructions: AVX2 AVX512F AVX512_VNNI FMA, in other operations, rebuild TensorFlow with the appropriate compiler flags.
Loading checkpoint shards:   0%|          | 0/3 [00:00<?, ?it/s]Loading checkpoint shards:  33%|███▎      | 1/3 [00:03<00:07,  3.59s/it]Loading checkpoint shards:  67%|██████▋   | 2/3 [00:07<00:03,  3.68s/it]Loading checkpoint shards: 100%|██████████| 3/3 [00:09<00:00,  3.08s/it]Loading checkpoint shards: 100%|██████████| 3/3 [00:09<00:00,  3.23s/it]

=== Model Responses ===

Response 1:
Sorry to hear that you lost your hamster. Losing a pet is always sad.

Response 2:
Sorry to hear about the loss of your hamster. It's understandable that you feel sad and it's not silly to feel that way. Losing a pet can be very difficult and it's important to acknowledge your feelings.

It's okay to cry and grieve the loss of your hamster. He was a part of your life and he brought joy and companionship to you. It's natural to feel a sense of loss and it's important to allow yourself to feel those emotions.

It might be helpful to talk to someone you trust about how you're feeling. This could be a friend, family member, or a counselor. Talking about your feelings can help you process your grief and can be a helpful way to deal with your emotions.

It's also important to take care of yourself during this time. Make sure you're getting enough rest, eating well, and taking time for self-care. It's okay to take a break from your daily routine and do things that bring you comfort and peace.

Remember, it's okay to feel sad and it's important to allow yourself to grieve the loss of your hamster. He was a special part of your life and it's okay to feel his loss deeply.

Response 3:
Sorry to hear about the loss of your beloved hamster! Losing a pet can be a very sad and difficult experience, even if they were a small animal that was only a part of your life for a short time. It's completely understandable that you would feel a strong emotional attachment to your pet, and it's not silly at all to feel sad and cry about their loss.

It's important to remember that it's okay to grieve and feel whatever emotions come up for you. It's normal to feel a range of emotions, including sadness, anger, guilt, and even numbness. Losing a pet can be a significant loss, and it's important to give yourself time and space to process your feelings.

Here are some things that might be helpful to you as you grieve the loss of your hamster:

1. Allow yourself to feel your emotions: It's okay to feel sad, and it's important to allow yourself to feel whatever emotions come up for you. Don't try to suppress your feelings or pretend that everything is okay when it's not.
2. Take care of yourself: Make sure you're getting enough rest, eating well, and taking care of any physical or emotional needs you may have.
3. Reach out for support: Talk to friends, family, or a trusted adult about your feelings. It can be helpful to have someone to talk to who understands how much your pet meant to you.
4. Create a memorial: You might consider creating a memorial for your hamster, such as a photo album or a special box where you can keep some of your favorite memories of them. This can be a way to honor their memory and help you remember them in a positive way.
5. Give yourself time: Losing a pet can be a significant loss, and it's important to give yourself time to grieve. Don't put pressure on yourself to "get over it" quickly or "move on" too fast.

Remember, it's okay to feel sad and cry about the loss of your hamster. They were a special part of your life, and it's okay to feel that loss deeply.
