Loading gmp version 6.2.1
Loading mpfr version 3.1.6
Loading mpc version 1.1.0
Loading zlib-ng version 2.1.6
Loading gcc version 9.4.0
2025-05-14 15:45:12.726737: I tensorflow/core/util/port.cc:153] oneDNN custom operations are on. You may see slightly different numerical results due to floating-point round-off errors from different computation orders. To turn them off, set the environment variable `TF_ENABLE_ONEDNN_OPTS=0`.
2025-05-14 15:45:12.740137: E external/local_xla/xla/stream_executor/cuda/cuda_fft.cc:467] Unable to register cuFFT factory: Attempting to register factory for plugin cuFFT when one has already been registered
WARNING: All log messages before absl::InitializeLog() is called are written to STDERR
E0000 00:00:1747237512.755888 2215013 cuda_dnn.cc:8579] Unable to register cuDNN factory: Attempting to register factory for plugin cuDNN when one has already been registered
E0000 00:00:1747237512.760705 2215013 cuda_blas.cc:1407] Unable to register cuBLAS factory: Attempting to register factory for plugin cuBLAS when one has already been registered
W0000 00:00:1747237512.775717 2215013 computation_placer.cc:177] computation placer already registered. Please check linkage and avoid linking the same target more than once.
W0000 00:00:1747237512.775740 2215013 computation_placer.cc:177] computation placer already registered. Please check linkage and avoid linking the same target more than once.
W0000 00:00:1747237512.775743 2215013 computation_placer.cc:177] computation placer already registered. Please check linkage and avoid linking the same target more than once.
W0000 00:00:1747237512.775745 2215013 computation_placer.cc:177] computation placer already registered. Please check linkage and avoid linking the same target more than once.
2025-05-14 15:45:12.779630: I tensorflow/core/platform/cpu_feature_guard.cc:210] This TensorFlow binary is optimized to use available CPU instructions in performance-critical operations.
To enable the following instructions: AVX2 AVX512F AVX512_VNNI AVX512_BF16 AVX512_FP16 AVX_VNNI AMX_TILE AMX_INT8 AMX_BF16 FMA, in other operations, rebuild TensorFlow with the appropriate compiler flags.
Loading checkpoint shards:   0%|          | 0/3 [00:00<?, ?it/s]Loading checkpoint shards:  33%|███▎      | 1/3 [00:01<00:03,  1.96s/it]Loading checkpoint shards:  67%|██████▋   | 2/3 [00:04<00:02,  2.05s/it]Loading checkpoint shards: 100%|██████████| 3/3 [00:05<00:00,  1.76s/it]Loading checkpoint shards: 100%|██████████| 3/3 [00:05<00:00,  1.83s/it]

=== Model Responses ===

Response 1:
congrats on the promotion! It's understandable to feel some

Response 2:
it's understandable to feel anxious after a promotion

Response 3:
Congratulations on your promotion! It's understandable to feel a mix of emotions, especially when you feel like you don't deserve it. However, it's important to remember that you were selected for this promotion based on your skills, experience, and hard work.

It's normal to have self-doubt and feel like an imposter sometimes, but it's important to remind yourself that you are deserving of this opportunity. Here are a few things to keep in mind:

1. Focus on your strengths: Instead of dwelling on your weaknesses, focus on your strengths and the skills that helped you get promoted.
2. Practice self-care: Take care of yourself physically, emotionally, and mentally. This can help you feel more confident and prepared for your new role.
3. Seek support: Talk to your colleagues, mentors, or a trusted friend or family member about your feelings. They may be able to offer valuable advice or reassurance.
4. Give yourself time: It's normal to feel like you don't deserve the promotion at first, but give yourself time to adjust to your new role. As you get more comfortable and confident, you'll start to feel more deserving.
5. Celebrate your success: Acknowledge your achievements and celebrate your success. This can help you feel more confident and proud of yourself.

Remember, it's okay to feel anxious and unsure of yourself sometimes, but try not to let these feelings hold you back. You have the skills and experience to excel in this new role, and you deserve to be there.
